2025-01-12T00:19:19.052+01:00  INFO 16960 --- [main] c.e.m.MachineServiceApplication          : Starting MachineServiceApplication using Java 22.0.1 with PID 16960 (G:\Sem VII\inz\machine_service\build\classes\java\main started by kamil in G:\Sem VII\inz)
2025-01-12T00:19:19.106+01:00 DEBUG 16960 --- [main] c.e.m.MachineServiceApplication          : Running with Spring Boot v3.3.3, Spring v6.1.12
2025-01-12T00:19:19.107+01:00  INFO 16960 --- [main] c.e.m.MachineServiceApplication          : No active profile set, falling back to 1 default profile: "default"
2025-01-12T00:19:19.745+01:00  INFO 16960 --- [main] .s.d.r.c.RepositoryConfigurationDelegate : Bootstrapping Spring Data JPA repositories in DEFAULT mode.
2025-01-12T00:19:19.791+01:00  INFO 16960 --- [main] .s.d.r.c.RepositoryConfigurationDelegate : Finished Spring Data repository scanning in 38 ms. Found 2 JPA repository interfaces.
2025-01-12T00:19:20.188+01:00  INFO 16960 --- [main] o.s.b.w.embedded.tomcat.TomcatWebServer  : Tomcat initialized with port 8082 (http)
2025-01-12T00:19:20.200+01:00  INFO 16960 --- [main] o.apache.catalina.core.StandardService   : Starting service [Tomcat]
2025-01-12T00:19:20.200+01:00  INFO 16960 --- [main] o.apache.catalina.core.StandardEngine    : Starting Servlet engine: [Apache Tomcat/10.1.28]
2025-01-12T00:19:20.254+01:00  INFO 16960 --- [main] o.a.c.c.C.[Tomcat].[localhost].[/]       : Initializing Spring embedded WebApplicationContext
2025-01-12T00:19:20.254+01:00  INFO 16960 --- [main] w.s.c.ServletWebServerApplicationContext : Root WebApplicationContext: initialization completed in 1107 ms
2025-01-12T00:19:20.371+01:00  INFO 16960 --- [main] o.hibernate.jpa.internal.util.LogHelper  : HHH000204: Processing PersistenceUnitInfo [name: default]
2025-01-12T00:19:20.432+01:00  INFO 16960 --- [main] org.hibernate.Version                    : HHH000412: Hibernate ORM core version 6.6.4.Final
2025-01-12T00:19:20.468+01:00  INFO 16960 --- [main] o.h.c.internal.RegionFactoryInitiator    : HHH000026: Second-level cache disabled
2025-01-12T00:19:20.556+01:00  INFO 16960 --- [main] o.h.e.boot.internal.EnversServiceImpl    : Envers integration enabled? : true
2025-01-12T00:19:20.759+01:00  INFO 16960 --- [main] o.s.o.j.p.SpringPersistenceUnitInfo      : No LoadTimeWeaver setup: ignoring JPA class transformer
2025-01-12T00:19:20.785+01:00  INFO 16960 --- [main] com.zaxxer.hikari.HikariDataSource       : HikariPool-1 - Starting...
2025-01-12T00:19:21.037+01:00  INFO 16960 --- [main] com.zaxxer.hikari.pool.HikariPool        : HikariPool-1 - Added connection com.mysql.cj.jdbc.ConnectionImpl@3460e4ed
2025-01-12T00:19:21.040+01:00  INFO 16960 --- [main] com.zaxxer.hikari.HikariDataSource       : HikariPool-1 - Start completed.
2025-01-12T00:19:21.108+01:00  INFO 16960 --- [main] org.hibernate.orm.connections.pooling    : HHH10001005: Database info:
	Database JDBC URL [Connecting through datasource 'HikariDataSource (HikariPool-1)']
	Database driver: undefined/unknown
	Database version: 8.2
	Autocommit mode: undefined/unknown
	Isolation level: undefined/unknown
	Minimum pool size: undefined/unknown
	Maximum pool size: undefined/unknown
2025-01-12T00:19:21.304+01:00  INFO 16960 --- [main] o.h.e.c.i.m.AuditMetadataGenerator       : Adding properties for entity: com.example.machine_service.model.Dyeing
2025-01-12T00:19:21.305+01:00  INFO 16960 --- [main] o.h.e.c.i.m.AuditMetadataGenerator       : Adding properties for entity: com.example.machine_service.model.Dryer
2025-01-12T00:19:21.975+01:00  INFO 16960 --- [main] o.h.e.t.j.p.i.JtaPlatformInitiator       : HHH000489: No JTA platform available (set 'hibernate.transaction.jta.platform' to enable JTA platform integration)
2025-01-12T00:19:22.043+01:00  INFO 16960 --- [main] j.LocalContainerEntityManagerFactoryBean : Initialized JPA EntityManagerFactory for persistence unit 'default'
2025-01-12T00:19:22.357+01:00  WARN 16960 --- [main] JpaBaseConfiguration$JpaWebConfiguration : spring.jpa.open-in-view is enabled by default. Therefore, database queries may be performed during view rendering. Explicitly configure spring.jpa.open-in-view to disable this warning
2025-01-12T00:19:22.864+01:00  INFO 16960 --- [main] o.s.b.w.embedded.tomcat.TomcatWebServer  : Tomcat started on port 8082 (http) with context path '/'
2025-01-12T00:19:22.872+01:00  INFO 16960 --- [main] c.e.m.MachineServiceApplication          : Started MachineServiceApplication in 4.188 seconds (process running for 4.789)
2025-01-12T00:20:24.164+01:00  INFO 16960 --- [SpringApplicationShutdownHook] j.LocalContainerEntityManagerFactoryBean : Closing JPA EntityManagerFactory for persistence unit 'default'
2025-01-12T00:20:24.165+01:00  INFO 16960 --- [SpringApplicationShutdownHook] com.zaxxer.hikari.HikariDataSource       : HikariPool-1 - Shutdown initiated...
2025-01-12T00:20:24.171+01:00  INFO 16960 --- [SpringApplicationShutdownHook] com.zaxxer.hikari.HikariDataSource       : HikariPool-1 - Shutdown completed.
2025-01-12T00:20:26.987+01:00  INFO 22740 --- [main] c.e.m.MachineServiceApplication          : Starting MachineServiceApplication using Java 22.0.1 with PID 22740 (G:\Sem VII\inz\machine_service\build\classes\java\main started by kamil in G:\Sem VII\inz)
2025-01-12T00:20:26.988+01:00 DEBUG 22740 --- [main] c.e.m.MachineServiceApplication          : Running with Spring Boot v3.3.3, Spring v6.1.12
2025-01-12T00:20:26.989+01:00  INFO 22740 --- [main] c.e.m.MachineServiceApplication          : No active profile set, falling back to 1 default profile: "default"
2025-01-12T00:20:27.600+01:00  INFO 22740 --- [main] .s.d.r.c.RepositoryConfigurationDelegate : Bootstrapping Spring Data JPA repositories in DEFAULT mode.
2025-01-12T00:20:27.644+01:00  INFO 22740 --- [main] .s.d.r.c.RepositoryConfigurationDelegate : Finished Spring Data repository scanning in 38 ms. Found 2 JPA repository interfaces.
2025-01-12T00:20:28.044+01:00  INFO 22740 --- [main] o.s.b.w.embedded.tomcat.TomcatWebServer  : Tomcat initialized with port 8082 (http)
2025-01-12T00:20:28.057+01:00  INFO 22740 --- [main] o.apache.catalina.core.StandardService   : Starting service [Tomcat]
2025-01-12T00:20:28.057+01:00  INFO 22740 --- [main] o.apache.catalina.core.StandardEngine    : Starting Servlet engine: [Apache Tomcat/10.1.28]
2025-01-12T00:20:28.111+01:00  INFO 22740 --- [main] o.a.c.c.C.[Tomcat].[localhost].[/]       : Initializing Spring embedded WebApplicationContext
2025-01-12T00:20:28.111+01:00  INFO 22740 --- [main] w.s.c.ServletWebServerApplicationContext : Root WebApplicationContext: initialization completed in 1090 ms
2025-01-12T00:20:28.235+01:00  INFO 22740 --- [main] o.hibernate.jpa.internal.util.LogHelper  : HHH000204: Processing PersistenceUnitInfo [name: default]
2025-01-12T00:20:28.290+01:00  INFO 22740 --- [main] org.hibernate.Version                    : HHH000412: Hibernate ORM core version 6.6.4.Final
2025-01-12T00:20:28.319+01:00  INFO 22740 --- [main] o.h.c.internal.RegionFactoryInitiator    : HHH000026: Second-level cache disabled
2025-01-12T00:20:28.396+01:00  INFO 22740 --- [main] o.h.e.boot.internal.EnversServiceImpl    : Envers integration enabled? : true
2025-01-12T00:20:28.600+01:00  INFO 22740 --- [main] o.s.o.j.p.SpringPersistenceUnitInfo      : No LoadTimeWeaver setup: ignoring JPA class transformer
2025-01-12T00:20:28.626+01:00  INFO 22740 --- [main] com.zaxxer.hikari.HikariDataSource       : HikariPool-1 - Starting...
2025-01-12T00:20:28.878+01:00  INFO 22740 --- [main] com.zaxxer.hikari.pool.HikariPool        : HikariPool-1 - Added connection com.mysql.cj.jdbc.ConnectionImpl@6cd7f381
2025-01-12T00:20:28.880+01:00  INFO 22740 --- [main] com.zaxxer.hikari.HikariDataSource       : HikariPool-1 - Start completed.
2025-01-12T00:20:28.949+01:00  INFO 22740 --- [main] org.hibernate.orm.connections.pooling    : HHH10001005: Database info:
	Database JDBC URL [Connecting through datasource 'HikariDataSource (HikariPool-1)']
	Database driver: undefined/unknown
	Database version: 8.2
	Autocommit mode: undefined/unknown
	Isolation level: undefined/unknown
	Minimum pool size: undefined/unknown
	Maximum pool size: undefined/unknown
2025-01-12T00:20:29.131+01:00  INFO 22740 --- [main] o.h.e.c.i.m.AuditMetadataGenerator       : Adding properties for entity: com.example.machine_service.model.Dyeing
2025-01-12T00:20:29.137+01:00  INFO 22740 --- [main] o.h.e.c.i.m.AuditMetadataGenerator       : Adding properties for entity: com.example.machine_service.model.Dryer
2025-01-12T00:20:29.811+01:00  INFO 22740 --- [main] o.h.e.t.j.p.i.JtaPlatformInitiator       : HHH000489: No JTA platform available (set 'hibernate.transaction.jta.platform' to enable JTA platform integration)
2025-01-12T00:20:29.876+01:00  INFO 22740 --- [main] j.LocalContainerEntityManagerFactoryBean : Initialized JPA EntityManagerFactory for persistence unit 'default'
2025-01-12T00:20:30.192+01:00  WARN 22740 --- [main] JpaBaseConfiguration$JpaWebConfiguration : spring.jpa.open-in-view is enabled by default. Therefore, database queries may be performed during view rendering. Explicitly configure spring.jpa.open-in-view to disable this warning
2025-01-12T00:20:30.620+01:00  INFO 22740 --- [main] o.s.b.w.embedded.tomcat.TomcatWebServer  : Tomcat started on port 8082 (http) with context path '/'
2025-01-12T00:20:30.628+01:00  INFO 22740 --- [main] c.e.m.MachineServiceApplication          : Started MachineServiceApplication in 3.977 seconds (process running for 4.476)
2025-01-12T00:20:48.392+01:00  INFO 22740 --- [SpringApplicationShutdownHook] j.LocalContainerEntityManagerFactoryBean : Closing JPA EntityManagerFactory for persistence unit 'default'
2025-01-12T00:20:48.394+01:00  INFO 22740 --- [SpringApplicationShutdownHook] com.zaxxer.hikari.HikariDataSource       : HikariPool-1 - Shutdown initiated...
2025-01-12T00:20:48.400+01:00  INFO 22740 --- [SpringApplicationShutdownHook] com.zaxxer.hikari.HikariDataSource       : HikariPool-1 - Shutdown completed.
2025-01-12T00:46:58.771+01:00  INFO 15084 --- [main] c.e.p.PlanningServiceApplication         : Starting PlanningServiceApplication using Java 22.0.1 with PID 15084 (G:\Sem VII\inz\planning_service\build\classes\java\main started by kamil in G:\Sem VII\inz)
2025-01-12T00:46:58.772+01:00 DEBUG 15084 --- [main] c.e.p.PlanningServiceApplication         : Running with Spring Boot v3.3.4, Spring v6.1.13
2025-01-12T00:46:58.773+01:00  INFO 15084 --- [main] c.e.p.PlanningServiceApplication         : No active profile set, falling back to 1 default profile: "default"
2025-01-12T00:46:59.418+01:00  INFO 15084 --- [main] .s.d.r.c.RepositoryConfigurationDelegate : Bootstrapping Spring Data JPA repositories in DEFAULT mode.
2025-01-12T00:46:59.462+01:00  INFO 15084 --- [main] .s.d.r.c.RepositoryConfigurationDelegate : Finished Spring Data repository scanning in 37 ms. Found 1 JPA repository interface.
2025-01-12T00:46:59.844+01:00  INFO 15084 --- [main] o.s.b.w.embedded.tomcat.TomcatWebServer  : Tomcat initialized with port 8085 (http)
2025-01-12T00:46:59.856+01:00  INFO 15084 --- [main] o.apache.catalina.core.StandardService   : Starting service [Tomcat]
2025-01-12T00:46:59.856+01:00  INFO 15084 --- [main] o.apache.catalina.core.StandardEngine    : Starting Servlet engine: [Apache Tomcat/10.1.30]
2025-01-12T00:46:59.912+01:00  INFO 15084 --- [main] o.a.c.c.C.[Tomcat].[localhost].[/]       : Initializing Spring embedded WebApplicationContext
2025-01-12T00:46:59.912+01:00  INFO 15084 --- [main] w.s.c.ServletWebServerApplicationContext : Root WebApplicationContext: initialization completed in 1104 ms
2025-01-12T00:47:00.048+01:00  INFO 15084 --- [main] o.hibernate.jpa.internal.util.LogHelper  : HHH000204: Processing PersistenceUnitInfo [name: default]
2025-01-12T00:47:00.112+01:00  INFO 15084 --- [main] org.hibernate.Version                    : HHH000412: Hibernate ORM core version 6.6.4.Final
2025-01-12T00:47:00.144+01:00  INFO 15084 --- [main] o.h.c.internal.RegionFactoryInitiator    : HHH000026: Second-level cache disabled
2025-01-12T00:47:00.222+01:00  INFO 15084 --- [main] o.h.e.boot.internal.EnversServiceImpl    : Envers integration enabled? : true
2025-01-12T00:47:00.422+01:00  INFO 15084 --- [main] o.s.o.j.p.SpringPersistenceUnitInfo      : No LoadTimeWeaver setup: ignoring JPA class transformer
2025-01-12T00:47:00.447+01:00  INFO 15084 --- [main] com.zaxxer.hikari.HikariDataSource       : HikariPool-1 - Starting...
2025-01-12T00:47:00.693+01:00  INFO 15084 --- [main] com.zaxxer.hikari.pool.HikariPool        : HikariPool-1 - Added connection com.mysql.cj.jdbc.ConnectionImpl@3add5e17
2025-01-12T00:47:00.695+01:00  INFO 15084 --- [main] com.zaxxer.hikari.HikariDataSource       : HikariPool-1 - Start completed.
2025-01-12T00:47:00.758+01:00  INFO 15084 --- [main] org.hibernate.orm.connections.pooling    : HHH10001005: Database info:
	Database JDBC URL [Connecting through datasource 'HikariDataSource (HikariPool-1)']
	Database driver: undefined/unknown
	Database version: 8.2
	Autocommit mode: undefined/unknown
	Isolation level: undefined/unknown
	Minimum pool size: undefined/unknown
	Maximum pool size: undefined/unknown
2025-01-12T00:47:00.927+01:00  INFO 15084 --- [main] o.h.e.c.i.m.AuditMetadataGenerator       : Adding properties for entity: com.example.planning_service.model.Job
2025-01-12T00:47:01.583+01:00  INFO 15084 --- [main] o.h.e.t.j.p.i.JtaPlatformInitiator       : HHH000489: No JTA platform available (set 'hibernate.transaction.jta.platform' to enable JTA platform integration)
2025-01-12T00:47:01.642+01:00  INFO 15084 --- [main] j.LocalContainerEntityManagerFactoryBean : Initialized JPA EntityManagerFactory for persistence unit 'default'
2025-01-12T00:47:01.942+01:00  WARN 15084 --- [main] JpaBaseConfiguration$JpaWebConfiguration : spring.jpa.open-in-view is enabled by default. Therefore, database queries may be performed during view rendering. Explicitly configure spring.jpa.open-in-view to disable this warning
2025-01-12T00:47:02.352+01:00  INFO 15084 --- [main] o.s.b.w.embedded.tomcat.TomcatWebServer  : Tomcat started on port 8085 (http) with context path '/'
2025-01-12T00:47:02.359+01:00  INFO 15084 --- [main] c.e.p.PlanningServiceApplication         : Started PlanningServiceApplication in 3.956 seconds (process running for 4.456)
2025-01-12T00:47:25.300+01:00  INFO 15084 --- [SpringApplicationShutdownHook] j.LocalContainerEntityManagerFactoryBean : Closing JPA EntityManagerFactory for persistence unit 'default'
2025-01-12T00:47:25.302+01:00  INFO 15084 --- [SpringApplicationShutdownHook] com.zaxxer.hikari.HikariDataSource       : HikariPool-1 - Shutdown initiated...
2025-01-12T00:47:25.307+01:00  INFO 15084 --- [SpringApplicationShutdownHook] com.zaxxer.hikari.HikariDataSource       : HikariPool-1 - Shutdown completed.
2025-01-12T00:56:23.081+01:00  INFO 23416 --- [recipe_management_service] [main] c.e.r.RecipeManagementServiceApplication : Starting RecipeManagementServiceApplication using Java 22.0.1 with PID 23416 (G:\Sem VII\inz\recipe_management_service\build\classes\java\main started by kamil in G:\Sem VII\inz)
2025-01-12T00:56:23.083+01:00 DEBUG 23416 --- [recipe_management_service] [main] c.e.r.RecipeManagementServiceApplication : Running with Spring Boot v3.3.2, Spring v6.1.11
2025-01-12T00:56:23.083+01:00  INFO 23416 --- [recipe_management_service] [main] c.e.r.RecipeManagementServiceApplication : No active profile set, falling back to 1 default profile: "default"
2025-01-12T00:56:23.769+01:00  INFO 23416 --- [recipe_management_service] [main] .s.d.r.c.RepositoryConfigurationDelegate : Bootstrapping Spring Data JPA repositories in DEFAULT mode.
2025-01-12T00:56:23.893+01:00  INFO 23416 --- [recipe_management_service] [main] .s.d.r.c.RepositoryConfigurationDelegate : Finished Spring Data repository scanning in 118 ms. Found 3 JPA repository interfaces.
2025-01-12T00:56:24.333+01:00  INFO 23416 --- [recipe_management_service] [main] o.s.b.w.embedded.tomcat.TomcatWebServer  : Tomcat initialized with port 8081 (http)
2025-01-12T00:56:24.343+01:00  INFO 23416 --- [recipe_management_service] [main] o.apache.catalina.core.StandardService   : Starting service [Tomcat]
2025-01-12T00:56:24.344+01:00  INFO 23416 --- [recipe_management_service] [main] o.apache.catalina.core.StandardEngine    : Starting Servlet engine: [Apache Tomcat/10.1.26]
2025-01-12T00:56:24.399+01:00  INFO 23416 --- [recipe_management_service] [main] o.a.c.c.C.[Tomcat].[localhost].[/]       : Initializing Spring embedded WebApplicationContext
2025-01-12T00:56:24.400+01:00  INFO 23416 --- [recipe_management_service] [main] w.s.c.ServletWebServerApplicationContext : Root WebApplicationContext: initialization completed in 1276 ms
2025-01-12T00:56:24.517+01:00  INFO 23416 --- [recipe_management_service] [main] o.hibernate.jpa.internal.util.LogHelper  : HHH000204: Processing PersistenceUnitInfo [name: default]
2025-01-12T00:56:24.575+01:00  INFO 23416 --- [recipe_management_service] [main] org.hibernate.Version                    : HHH000412: Hibernate ORM core version 6.6.4.Final
2025-01-12T00:56:24.610+01:00  INFO 23416 --- [recipe_management_service] [main] o.h.c.internal.RegionFactoryInitiator    : HHH000026: Second-level cache disabled
2025-01-12T00:56:24.697+01:00  INFO 23416 --- [recipe_management_service] [main] o.h.e.boot.internal.EnversServiceImpl    : Envers integration enabled? : true
2025-01-12T00:56:24.900+01:00  INFO 23416 --- [recipe_management_service] [main] o.s.o.j.p.SpringPersistenceUnitInfo      : No LoadTimeWeaver setup: ignoring JPA class transformer
2025-01-12T00:56:24.929+01:00  INFO 23416 --- [recipe_management_service] [main] com.zaxxer.hikari.HikariDataSource       : HikariPool-1 - Starting...
2025-01-12T00:56:25.195+01:00  INFO 23416 --- [recipe_management_service] [main] com.zaxxer.hikari.pool.HikariPool        : HikariPool-1 - Added connection com.mysql.cj.jdbc.ConnectionImpl@8ee03f5
2025-01-12T00:56:25.197+01:00  INFO 23416 --- [recipe_management_service] [main] com.zaxxer.hikari.HikariDataSource       : HikariPool-1 - Start completed.
2025-01-12T00:56:25.263+01:00  INFO 23416 --- [recipe_management_service] [main] org.hibernate.orm.connections.pooling    : HHH10001005: Database info:
	Database JDBC URL [Connecting through datasource 'HikariDataSource (HikariPool-1)']
	Database driver: undefined/unknown
	Database version: 8.2
	Autocommit mode: undefined/unknown
	Isolation level: undefined/unknown
	Minimum pool size: undefined/unknown
	Maximum pool size: undefined/unknown
2025-01-12T00:56:25.493+01:00  INFO 23416 --- [recipe_management_service] [main] o.h.e.c.i.m.AuditMetadataGenerator       : Adding properties for entity: com.example.recipe_management_service.model.Recipe
2025-01-12T00:56:25.496+01:00  INFO 23416 --- [recipe_management_service] [main] o.h.e.c.i.m.AuditMetadataGenerator       : Adding properties for entity: com.example.recipe_management_service.model.Block
2025-01-12T00:56:25.497+01:00  INFO 23416 --- [recipe_management_service] [main] o.h.e.c.i.m.AuditMetadataGenerator       : Adding properties for entity: com.example.recipe_management_service.model.SecondaryTank
2025-01-12T00:56:25.498+01:00  INFO 23416 --- [recipe_management_service] [main] o.h.e.c.i.m.AuditMetadataGenerator       : Adding properties for entity: com.example.recipe_management_service.model.Program
2025-01-12T00:56:25.498+01:00  INFO 23416 --- [recipe_management_service] [main] o.h.e.c.i.m.AuditMetadataGenerator       : Adding properties for entity: com.example.recipe_management_service.model.Pump
2025-01-12T00:56:25.498+01:00  INFO 23416 --- [recipe_management_service] [main] o.h.e.c.i.m.AuditMetadataGenerator       : Adding properties for entity: com.example.recipe_management_service.model.MainTank
2025-01-12T00:56:26.272+01:00  INFO 23416 --- [recipe_management_service] [main] o.h.e.t.j.p.i.JtaPlatformInitiator       : HHH000489: No JTA platform available (set 'hibernate.transaction.jta.platform' to enable JTA platform integration)
2025-01-12T00:56:26.414+01:00  INFO 23416 --- [recipe_management_service] [main] j.LocalContainerEntityManagerFactoryBean : Initialized JPA EntityManagerFactory for persistence unit 'default'
2025-01-12T00:56:26.786+01:00  WARN 23416 --- [recipe_management_service] [main] JpaBaseConfiguration$JpaWebConfiguration : spring.jpa.open-in-view is enabled by default. Therefore, database queries may be performed during view rendering. Explicitly configure spring.jpa.open-in-view to disable this warning
2025-01-12T00:56:27.565+01:00  INFO 23416 --- [recipe_management_service] [main] o.s.b.w.embedded.tomcat.TomcatWebServer  : Tomcat started on port 8081 (http) with context path '/'
2025-01-12T00:56:27.574+01:00  INFO 23416 --- [recipe_management_service] [main] c.e.r.RecipeManagementServiceApplication : Started RecipeManagementServiceApplication in 4.857 seconds (process running for 5.51)
2025-01-12T00:56:31.283+01:00  INFO 23416 --- [recipe_management_service] [SpringApplicationShutdownHook] j.LocalContainerEntityManagerFactoryBean : Closing JPA EntityManagerFactory for persistence unit 'default'
2025-01-12T00:56:31.285+01:00  INFO 23416 --- [recipe_management_service] [SpringApplicationShutdownHook] com.zaxxer.hikari.HikariDataSource       : HikariPool-1 - Shutdown initiated...
2025-01-12T00:56:31.290+01:00  INFO 23416 --- [recipe_management_service] [SpringApplicationShutdownHook] com.zaxxer.hikari.HikariDataSource       : HikariPool-1 - Shutdown completed.
2025-01-12T01:33:46.082+01:00  INFO 14952 --- [main] c.e.r.ReportingServiceApplication        : Starting ReportingServiceApplication using Java 22.0.1 with PID 14952 (G:\Sem VII\inz\reporting_service\build\classes\java\main started by kamil in G:\Sem VII\inz)
2025-01-12T01:33:46.084+01:00 DEBUG 14952 --- [main] c.e.r.ReportingServiceApplication        : Running with Spring Boot v3.3.5, Spring v6.1.14
2025-01-12T01:33:46.084+01:00  INFO 14952 --- [main] c.e.r.ReportingServiceApplication        : No active profile set, falling back to 1 default profile: "default"
2025-01-12T01:33:47.003+01:00  INFO 14952 --- [main] o.s.b.w.embedded.tomcat.TomcatWebServer  : Tomcat initialized with port 8086 (http)
2025-01-12T01:33:47.016+01:00  INFO 14952 --- [main] o.apache.catalina.core.StandardService   : Starting service [Tomcat]
2025-01-12T01:33:47.016+01:00  INFO 14952 --- [main] o.apache.catalina.core.StandardEngine    : Starting Servlet engine: [Apache Tomcat/10.1.31]
2025-01-12T01:33:47.069+01:00  INFO 14952 --- [main] o.a.c.c.C.[Tomcat].[localhost].[/]       : Initializing Spring embedded WebApplicationContext
2025-01-12T01:33:47.070+01:00  INFO 14952 --- [main] w.s.c.ServletWebServerApplicationContext : Root WebApplicationContext: initialization completed in 952 ms
2025-01-12T01:33:47.540+01:00  INFO 14952 --- [main] o.s.b.w.embedded.tomcat.TomcatWebServer  : Tomcat started on port 8086 (http) with context path '/'
2025-01-12T01:33:47.548+01:00  INFO 14952 --- [main] c.e.r.ReportingServiceApplication        : Started ReportingServiceApplication in 1.803 seconds (process running for 2.299)
2025-01-12T01:38:50.857+01:00  INFO 24540 --- [main] c.e.r.ReportingServiceApplication        : Starting ReportingServiceApplication using Java 22.0.1 with PID 24540 (G:\Sem VII\inz\reporting_service\build\classes\java\main started by kamil in G:\Sem VII\inz)
2025-01-12T01:38:50.858+01:00 DEBUG 24540 --- [main] c.e.r.ReportingServiceApplication        : Running with Spring Boot v3.3.5, Spring v6.1.14
2025-01-12T01:38:50.859+01:00  INFO 24540 --- [main] c.e.r.ReportingServiceApplication        : No active profile set, falling back to 1 default profile: "default"
2025-01-12T01:38:52.051+01:00  INFO 24540 --- [main] o.s.b.w.embedded.tomcat.TomcatWebServer  : Tomcat initialized with port 8086 (http)
2025-01-12T01:38:52.122+01:00  INFO 24540 --- [main] w.s.c.ServletWebServerApplicationContext : Root WebApplicationContext: initialization completed in 1230 ms
2025-01-12T01:38:52.628+01:00  INFO 24540 --- [main] o.s.b.w.embedded.tomcat.TomcatWebServer  : Tomcat started on port 8086 (http) with context path '/'
2025-01-12T01:38:52.636+01:00  INFO 24540 --- [main] c.e.r.ReportingServiceApplication        : Started ReportingServiceApplication in 2.134 seconds (process running for 2.659)
2025-01-12T02:16:46.175+01:00  INFO 24000 --- [main] c.e.r.ReportingServiceApplication        : Starting ReportingServiceApplication using Java 22.0.1 with PID 24000 (G:\Sem VII\inz\reporting_service\build\classes\java\main started by kamil in G:\Sem VII\inz)
2025-01-12T02:16:46.177+01:00 DEBUG 24000 --- [main] c.e.r.ReportingServiceApplication        : Running with Spring Boot v3.3.5, Spring v6.1.14
2025-01-12T02:16:46.178+01:00  INFO 24000 --- [main] c.e.r.ReportingServiceApplication        : No active profile set, falling back to 1 default profile: "default"
2025-01-12T02:16:47.186+01:00  INFO 24000 --- [main] o.s.b.w.embedded.tomcat.TomcatWebServer  : Tomcat initialized with port 8086 (http)
2025-01-12T02:16:47.199+01:00  INFO 24000 --- [main] o.apache.catalina.core.StandardService   : Starting service [Tomcat]
2025-01-12T02:16:47.200+01:00  INFO 24000 --- [main] o.apache.catalina.core.StandardEngine    : Starting Servlet engine: [Apache Tomcat/10.1.31]
2025-01-12T02:16:47.253+01:00  INFO 24000 --- [main] o.a.c.c.C.[Tomcat].[localhost].[/]       : Initializing Spring embedded WebApplicationContext
2025-01-12T02:16:47.254+01:00  INFO 24000 --- [main] w.s.c.ServletWebServerApplicationContext : Root WebApplicationContext: initialization completed in 1027 ms
2025-01-12T02:16:47.812+01:00  INFO 24000 --- [main] o.s.b.w.embedded.tomcat.TomcatWebServer  : Tomcat started on port 8086 (http) with context path '/'
2025-01-12T02:16:47.820+01:00  INFO 24000 --- [main] c.e.r.ReportingServiceApplication        : Started ReportingServiceApplication in 2.033 seconds (process running for 2.674)
2025-01-12T02:17:07.471+01:00  INFO 24000 --- [http-nio-8086-exec-2] o.a.c.c.C.[Tomcat].[localhost].[/]       : Initializing Spring DispatcherServlet 'dispatcherServlet'
2025-01-12T02:17:07.472+01:00  INFO 24000 --- [http-nio-8086-exec-2] o.s.web.servlet.DispatcherServlet        : Initializing Servlet 'dispatcherServlet'
2025-01-12T02:17:07.473+01:00  INFO 24000 --- [http-nio-8086-exec-2] o.s.web.servlet.DispatcherServlet        : Completed initialization in 1 ms
