2024-11-24T23:16:27.419+01:00  INFO 20504 --- [recipe_management_service] [Test worker] .RecipeManagementServiceApplicationTests : Starting RecipeManagementServiceApplicationTests using Java 22.0.1 with PID 20504 (started by kamil in G:\Sem VII\inz\recipe_management_service)
2024-11-24T23:16:27.491+01:00 DEBUG 20504 --- [recipe_management_service] [Test worker] .RecipeManagementServiceApplicationTests : Running with Spring Boot v3.3.2, Spring v6.1.11
2024-11-24T23:16:27.492+01:00  INFO 20504 --- [recipe_management_service] [Test worker] .RecipeManagementServiceApplicationTests : No active profile set, falling back to 1 default profile: "default"
2024-11-24T23:16:28.189+01:00  INFO 20504 --- [recipe_management_service] [Test worker] .s.d.r.c.RepositoryConfigurationDelegate : Bootstrapping Spring Data JPA repositories in DEFAULT mode.
2024-11-24T23:16:28.323+01:00  INFO 20504 --- [recipe_management_service] [Test worker] .s.d.r.c.RepositoryConfigurationDelegate : Finished Spring Data repository scanning in 126 ms. Found 5 JPA repository interfaces.
2024-11-24T23:16:28.743+01:00  INFO 20504 --- [recipe_management_service] [Test worker] o.hibernate.jpa.internal.util.LogHelper  : HHH000204: Processing PersistenceUnitInfo [name: default]
2024-11-24T23:16:28.815+01:00  INFO 20504 --- [recipe_management_service] [Test worker] org.hibernate.Version                    : HHH000412: Hibernate ORM core version 6.5.2.Final
2024-11-24T23:16:28.851+01:00  INFO 20504 --- [recipe_management_service] [Test worker] o.h.c.internal.RegionFactoryInitiator    : HHH000026: Second-level cache disabled
2024-11-24T23:16:29.155+01:00  INFO 20504 --- [recipe_management_service] [Test worker] o.s.o.j.p.SpringPersistenceUnitInfo      : No LoadTimeWeaver setup: ignoring JPA class transformer
2024-11-24T23:16:29.182+01:00  INFO 20504 --- [recipe_management_service] [Test worker] com.zaxxer.hikari.HikariDataSource       : HikariPool-1 - Starting...
2024-11-24T23:16:29.470+01:00  INFO 20504 --- [recipe_management_service] [Test worker] com.zaxxer.hikari.pool.HikariPool        : HikariPool-1 - Added connection com.mysql.cj.jdbc.ConnectionImpl@6dde1bf5
2024-11-24T23:16:29.472+01:00  INFO 20504 --- [recipe_management_service] [Test worker] com.zaxxer.hikari.HikariDataSource       : HikariPool-1 - Start completed.
2024-11-24T23:16:30.437+01:00  INFO 20504 --- [recipe_management_service] [Test worker] o.h.e.t.j.p.i.JtaPlatformInitiator       : HHH000489: No JTA platform available (set 'hibernate.transaction.jta.platform' to enable JTA platform integration)
2024-11-24T23:16:30.536+01:00  INFO 20504 --- [recipe_management_service] [Test worker] j.LocalContainerEntityManagerFactoryBean : Initialized JPA EntityManagerFactory for persistence unit 'default'
2024-11-24T23:16:31.098+01:00  WARN 20504 --- [recipe_management_service] [Test worker] JpaBaseConfiguration$JpaWebConfiguration : spring.jpa.open-in-view is enabled by default. Therefore, database queries may be performed during view rendering. Explicitly configure spring.jpa.open-in-view to disable this warning
2024-11-24T23:16:32.172+01:00  INFO 20504 --- [recipe_management_service] [Test worker] .RecipeManagementServiceApplicationTests : Started RecipeManagementServiceApplicationTests in 5.104 seconds (process running for 6.195)
2024-11-24T23:16:32.632+01:00  INFO 20504 --- [recipe_management_service] [SpringApplicationShutdownHook] j.LocalContainerEntityManagerFactoryBean : Closing JPA EntityManagerFactory for persistence unit 'default'
2024-11-24T23:16:32.634+01:00  INFO 20504 --- [recipe_management_service] [SpringApplicationShutdownHook] com.zaxxer.hikari.HikariDataSource       : HikariPool-1 - Shutdown initiated...
2024-11-24T23:16:32.641+01:00  INFO 20504 --- [recipe_management_service] [SpringApplicationShutdownHook] com.zaxxer.hikari.HikariDataSource       : HikariPool-1 - Shutdown completed.
2024-11-25T18:23:34.884+01:00  INFO 11060 --- [recipe_management_service] [Test worker] .RecipeManagementServiceApplicationTests : Starting RecipeManagementServiceApplicationTests using Java 22.0.1 with PID 11060 (started by kamil in G:\Sem VII\inz\recipe_management_service)
2024-11-25T18:23:34.886+01:00 DEBUG 11060 --- [recipe_management_service] [Test worker] .RecipeManagementServiceApplicationTests : Running with Spring Boot v3.3.2, Spring v6.1.11
2024-11-25T18:23:34.887+01:00  INFO 11060 --- [recipe_management_service] [Test worker] .RecipeManagementServiceApplicationTests : No active profile set, falling back to 1 default profile: "default"
2024-11-25T18:23:35.621+01:00  INFO 11060 --- [recipe_management_service] [Test worker] .s.d.r.c.RepositoryConfigurationDelegate : Bootstrapping Spring Data JPA repositories in DEFAULT mode.
2024-11-25T18:23:35.749+01:00  INFO 11060 --- [recipe_management_service] [Test worker] .s.d.r.c.RepositoryConfigurationDelegate : Finished Spring Data repository scanning in 121 ms. Found 5 JPA repository interfaces.
2024-11-25T18:23:36.200+01:00  INFO 11060 --- [recipe_management_service] [Test worker] o.hibernate.jpa.internal.util.LogHelper  : HHH000204: Processing PersistenceUnitInfo [name: default]
2024-11-25T18:23:36.272+01:00  INFO 11060 --- [recipe_management_service] [Test worker] org.hibernate.Version                    : HHH000412: Hibernate ORM core version 6.5.2.Final
2024-11-25T18:23:36.308+01:00  INFO 11060 --- [recipe_management_service] [Test worker] o.h.c.internal.RegionFactoryInitiator    : HHH000026: Second-level cache disabled
2024-11-25T18:23:36.612+01:00  INFO 11060 --- [recipe_management_service] [Test worker] o.s.o.j.p.SpringPersistenceUnitInfo      : No LoadTimeWeaver setup: ignoring JPA class transformer
2024-11-25T18:23:36.641+01:00  INFO 11060 --- [recipe_management_service] [Test worker] com.zaxxer.hikari.HikariDataSource       : HikariPool-1 - Starting...
2024-11-25T18:23:36.928+01:00  INFO 11060 --- [recipe_management_service] [Test worker] com.zaxxer.hikari.pool.HikariPool        : HikariPool-1 - Added connection com.mysql.cj.jdbc.ConnectionImpl@6297cb4b
2024-11-25T18:23:36.931+01:00  INFO 11060 --- [recipe_management_service] [Test worker] com.zaxxer.hikari.HikariDataSource       : HikariPool-1 - Start completed.
2024-11-25T18:23:37.874+01:00  INFO 11060 --- [recipe_management_service] [Test worker] o.h.e.t.j.p.i.JtaPlatformInitiator       : HHH000489: No JTA platform available (set 'hibernate.transaction.jta.platform' to enable JTA platform integration)
2024-11-25T18:23:37.961+01:00  INFO 11060 --- [recipe_management_service] [Test worker] j.LocalContainerEntityManagerFactoryBean : Initialized JPA EntityManagerFactory for persistence unit 'default'
2024-11-25T18:23:38.552+01:00  WARN 11060 --- [recipe_management_service] [Test worker] JpaBaseConfiguration$JpaWebConfiguration : spring.jpa.open-in-view is enabled by default. Therefore, database queries may be performed during view rendering. Explicitly configure spring.jpa.open-in-view to disable this warning
2024-11-25T18:23:39.303+01:00  INFO 11060 --- [recipe_management_service] [Test worker] .RecipeManagementServiceApplicationTests : Started RecipeManagementServiceApplicationTests in 4.723 seconds (process running for 5.827)
2024-11-25T18:23:39.757+01:00  INFO 11060 --- [recipe_management_service] [SpringApplicationShutdownHook] j.LocalContainerEntityManagerFactoryBean : Closing JPA EntityManagerFactory for persistence unit 'default'
2024-11-25T18:23:39.759+01:00  INFO 11060 --- [recipe_management_service] [SpringApplicationShutdownHook] com.zaxxer.hikari.HikariDataSource       : HikariPool-1 - Shutdown initiated...
2024-11-25T18:23:39.768+01:00  INFO 11060 --- [recipe_management_service] [SpringApplicationShutdownHook] com.zaxxer.hikari.HikariDataSource       : HikariPool-1 - Shutdown completed.
2024-11-25T21:39:46.979+01:00  INFO 740 --- [recipe_management_service] [Test worker] .RecipeManagementServiceApplicationTests : Starting RecipeManagementServiceApplicationTests using Java 22.0.1 with PID 740 (started by kamil in G:\Sem VII\inz\recipe_management_service)
2024-11-25T21:39:46.980+01:00 DEBUG 740 --- [recipe_management_service] [Test worker] .RecipeManagementServiceApplicationTests : Running with Spring Boot v3.3.2, Spring v6.1.11
2024-11-25T21:39:46.981+01:00  INFO 740 --- [recipe_management_service] [Test worker] .RecipeManagementServiceApplicationTests : No active profile set, falling back to 1 default profile: "default"
2024-11-25T21:39:47.828+01:00  INFO 740 --- [recipe_management_service] [Test worker] .s.d.r.c.RepositoryConfigurationDelegate : Bootstrapping Spring Data JPA repositories in DEFAULT mode.
2024-11-25T21:39:47.964+01:00  INFO 740 --- [recipe_management_service] [Test worker] .s.d.r.c.RepositoryConfigurationDelegate : Finished Spring Data repository scanning in 128 ms. Found 5 JPA repository interfaces.
2024-11-25T21:39:48.493+01:00  INFO 740 --- [recipe_management_service] [Test worker] o.hibernate.jpa.internal.util.LogHelper  : HHH000204: Processing PersistenceUnitInfo [name: default]
2024-11-25T21:39:48.570+01:00  INFO 740 --- [recipe_management_service] [Test worker] org.hibernate.Version                    : HHH000412: Hibernate ORM core version 6.5.2.Final
2024-11-25T21:39:48.607+01:00  INFO 740 --- [recipe_management_service] [Test worker] o.h.c.internal.RegionFactoryInitiator    : HHH000026: Second-level cache disabled
2024-11-25T21:39:48.909+01:00  INFO 740 --- [recipe_management_service] [Test worker] o.s.o.j.p.SpringPersistenceUnitInfo      : No LoadTimeWeaver setup: ignoring JPA class transformer
2024-11-25T21:39:48.937+01:00  INFO 740 --- [recipe_management_service] [Test worker] com.zaxxer.hikari.HikariDataSource       : HikariPool-1 - Starting...
2024-11-25T21:39:49.219+01:00  INFO 740 --- [recipe_management_service] [Test worker] com.zaxxer.hikari.pool.HikariPool        : HikariPool-1 - Added connection com.mysql.cj.jdbc.ConnectionImpl@54f25b42
2024-11-25T21:39:49.222+01:00  INFO 740 --- [recipe_management_service] [Test worker] com.zaxxer.hikari.HikariDataSource       : HikariPool-1 - Start completed.
2024-11-25T21:39:50.193+01:00  INFO 740 --- [recipe_management_service] [Test worker] o.h.e.t.j.p.i.JtaPlatformInitiator       : HHH000489: No JTA platform available (set 'hibernate.transaction.jta.platform' to enable JTA platform integration)
2024-11-25T21:39:50.298+01:00  INFO 740 --- [recipe_management_service] [Test worker] j.LocalContainerEntityManagerFactoryBean : Initialized JPA EntityManagerFactory for persistence unit 'default'
2024-11-25T21:39:50.883+01:00  WARN 740 --- [recipe_management_service] [Test worker] JpaBaseConfiguration$JpaWebConfiguration : spring.jpa.open-in-view is enabled by default. Therefore, database queries may be performed during view rendering. Explicitly configure spring.jpa.open-in-view to disable this warning
2024-11-25T21:39:51.685+01:00  INFO 740 --- [recipe_management_service] [Test worker] .RecipeManagementServiceApplicationTests : Started RecipeManagementServiceApplicationTests in 5.008 seconds (process running for 6.131)
2024-11-25T21:39:52.118+01:00  INFO 740 --- [recipe_management_service] [SpringApplicationShutdownHook] j.LocalContainerEntityManagerFactoryBean : Closing JPA EntityManagerFactory for persistence unit 'default'
2024-11-25T21:39:52.120+01:00  INFO 740 --- [recipe_management_service] [SpringApplicationShutdownHook] com.zaxxer.hikari.HikariDataSource       : HikariPool-1 - Shutdown initiated...
2024-11-25T21:39:52.128+01:00  INFO 740 --- [recipe_management_service] [SpringApplicationShutdownHook] com.zaxxer.hikari.HikariDataSource       : HikariPool-1 - Shutdown completed.
